28-Apr-2025 22:53:11.019 INFO [main] org.apache.catalina.core.ApplicationContext.log ContextListener: contextInitialized()
28-Apr-2025 22:53:11.020 INFO [main] org.apache.catalina.core.ApplicationContext.log SessionListener: contextInitialized()
28-Apr-2025 22:53:11.025 INFO [main] org.apache.catalina.core.ApplicationContext.log ContextListener: attributeAdded('StockTicker', 'async.Stockticker@6a62689d')
28-Apr-2025 22:56:08.591 INFO [main] org.apache.catalina.core.ApplicationContext.log ContextListener: contextInitialized()
28-Apr-2025 22:56:08.592 INFO [main] org.apache.catalina.core.ApplicationContext.log SessionListener: contextInitialized()
28-Apr-2025 22:56:08.599 INFO [main] org.apache.catalina.core.ApplicationContext.log ContextListener: attributeAdded('StockTicker', 'async.Stockticker@60fa3495')
28-Apr-2025 23:04:13.695 INFO [main] org.apache.catalina.core.ApplicationContext.log SessionListener: contextDestroyed()
28-Apr-2025 23:04:13.695 INFO [main] org.apache.catalina.core.ApplicationContext.log ContextListener: contextDestroyed()
28-Apr-2025 23:04:18.621 INFO [main] org.apache.catalina.core.ApplicationContext.log ContextListener: contextInitialized()
28-Apr-2025 23:04:18.622 INFO [main] org.apache.catalina.core.ApplicationContext.log SessionListener: contextInitialized()
28-Apr-2025 23:04:18.664 INFO [main] org.apache.catalina.core.ApplicationContext.log ContextListener: attributeAdded('StockTicker', 'async.Stockticker@6a62689d')
28-Apr-2025 23:08:20.334 INFO [main] org.apache.catalina.core.ApplicationContext.log SessionListener: contextDestroyed()
28-Apr-2025 23:08:20.334 INFO [main] org.apache.catalina.core.ApplicationContext.log ContextListener: contextDestroyed()
28-Apr-2025 23:09:38.489 INFO [main] org.apache.catalina.core.ApplicationContext.log ContextListener: contextInitialized()
28-Apr-2025 23:09:38.489 INFO [main] org.apache.catalina.core.ApplicationContext.log SessionListener: contextInitialized()
28-Apr-2025 23:09:38.493 INFO [main] org.apache.catalina.core.ApplicationContext.log ContextListener: attributeAdded('StockTicker', 'async.Stockticker@2ce86164')
28-Apr-2025 23:12:18.561 INFO [main] org.apache.catalina.core.ApplicationContext.log SessionListener: contextDestroyed()
28-Apr-2025 23:12:18.561 INFO [main] org.apache.catalina.core.ApplicationContext.log ContextListener: contextDestroyed()
28-Apr-2025 23:12:26.599 INFO [main] org.apache.catalina.core.ApplicationContext.log ContextListener: contextInitialized()
28-Apr-2025 23:12:26.599 INFO [main] org.apache.catalina.core.ApplicationContext.log SessionListener: contextInitialized()
28-Apr-2025 23:12:26.605 INFO [main] org.apache.catalina.core.ApplicationContext.log ContextListener: attributeAdded('StockTicker', 'async.Stockticker@6a62689d')
28-Apr-2025 23:17:15.952 INFO [main] org.apache.catalina.core.ApplicationContext.log SessionListener: contextDestroyed()
28-Apr-2025 23:17:15.952 INFO [main] org.apache.catalina.core.ApplicationContext.log ContextListener: contextDestroyed()
28-Apr-2025 23:17:24.826 INFO [main] org.apache.catalina.core.ApplicationContext.log ContextListener: contextInitialized()
28-Apr-2025 23:17:24.826 INFO [main] org.apache.catalina.core.ApplicationContext.log SessionListener: contextInitialized()
28-Apr-2025 23:17:24.829 INFO [main] org.apache.catalina.core.ApplicationContext.log ContextListener: attributeAdded('StockTicker', 'async.Stockticker@4204541c')
28-Apr-2025 23:20:25.610 INFO [main] org.apache.catalina.core.ApplicationContext.log SessionListener: contextDestroyed()
28-Apr-2025 23:20:25.610 INFO [main] org.apache.catalina.core.ApplicationContext.log ContextListener: contextDestroyed()
28-Apr-2025 23:20:59.643 INFO [main] org.apache.catalina.core.ApplicationContext.log ContextListener: contextInitialized()
28-Apr-2025 23:20:59.643 INFO [main] org.apache.catalina.core.ApplicationContext.log SessionListener: contextInitialized()
28-Apr-2025 23:20:59.650 INFO [main] org.apache.catalina.core.ApplicationContext.log ContextListener: attributeAdded('StockTicker', 'async.Stockticker@6a62689d')
28-Apr-2025 23:23:55.711 INFO [main] org.apache.catalina.core.ApplicationContext.log SessionListener: contextDestroyed()
28-Apr-2025 23:23:55.711 INFO [main] org.apache.catalina.core.ApplicationContext.log ContextListener: contextDestroyed()
28-Apr-2025 23:24:25.265 INFO [main] org.apache.catalina.core.ApplicationContext.log ContextListener: contextInitialized()
28-Apr-2025 23:24:25.265 INFO [main] org.apache.catalina.core.ApplicationContext.log SessionListener: contextInitialized()
28-Apr-2025 23:24:25.270 INFO [main] org.apache.catalina.core.ApplicationContext.log ContextListener: attributeAdded('StockTicker', 'async.Stockticker@6a62689d')
28-Apr-2025 23:26:12.309 INFO [main] org.apache.catalina.core.ApplicationContext.log SessionListener: contextDestroyed()
28-Apr-2025 23:26:12.309 INFO [main] org.apache.catalina.core.ApplicationContext.log ContextListener: contextDestroyed()
28-Apr-2025 23:26:45.981 INFO [main] org.apache.catalina.core.ApplicationContext.log ContextListener: contextInitialized()
28-Apr-2025 23:26:45.982 INFO [main] org.apache.catalina.core.ApplicationContext.log SessionListener: contextInitialized()
28-Apr-2025 23:26:45.988 INFO [main] org.apache.catalina.core.ApplicationContext.log ContextListener: attributeAdded('StockTicker', 'async.Stockticker@4204541c')
28-Apr-2025 23:28:28.205 INFO [main] org.apache.catalina.core.ApplicationContext.log SessionListener: contextDestroyed()
28-Apr-2025 23:28:28.205 INFO [main] org.apache.catalina.core.ApplicationContext.log ContextListener: contextDestroyed()
28-Apr-2025 23:28:57.889 INFO [main] org.apache.catalina.core.ApplicationContext.log ContextListener: contextInitialized()
28-Apr-2025 23:28:57.889 INFO [main] org.apache.catalina.core.ApplicationContext.log SessionListener: contextInitialized()
28-Apr-2025 23:28:57.892 INFO [main] org.apache.catalina.core.ApplicationContext.log ContextListener: attributeAdded('StockTicker', 'async.Stockticker@60d8c0dc')
28-Apr-2025 23:31:55.639 INFO [main] org.apache.catalina.core.ApplicationContext.log SessionListener: contextDestroyed()
28-Apr-2025 23:31:55.639 INFO [main] org.apache.catalina.core.ApplicationContext.log ContextListener: contextDestroyed()
28-Apr-2025 23:32:19.359 INFO [main] org.apache.catalina.core.ApplicationContext.log ContextListener: contextInitialized()
28-Apr-2025 23:32:19.359 INFO [main] org.apache.catalina.core.ApplicationContext.log SessionListener: contextInitialized()
28-Apr-2025 23:32:19.362 INFO [main] org.apache.catalina.core.ApplicationContext.log ContextListener: attributeAdded('StockTicker', 'async.Stockticker@4204541c')
28-Apr-2025 23:35:11.307 INFO [main] org.apache.catalina.core.ApplicationContext.log SessionListener: contextDestroyed()
28-Apr-2025 23:35:11.308 INFO [main] org.apache.catalina.core.ApplicationContext.log ContextListener: contextDestroyed()
28-Apr-2025 23:35:48.284 INFO [main] org.apache.catalina.core.ApplicationContext.log ContextListener: contextInitialized()
28-Apr-2025 23:35:48.284 INFO [main] org.apache.catalina.core.ApplicationContext.log SessionListener: contextInitialized()
28-Apr-2025 23:35:48.286 INFO [main] org.apache.catalina.core.ApplicationContext.log ContextListener: attributeAdded('StockTicker', 'async.Stockticker@6a62689d')
28-Apr-2025 23:37:31.294 INFO [main] org.apache.catalina.core.ApplicationContext.log SessionListener: contextDestroyed()
28-Apr-2025 23:37:31.294 INFO [main] org.apache.catalina.core.ApplicationContext.log ContextListener: contextDestroyed()
28-Apr-2025 23:37:54.470 INFO [main] org.apache.catalina.core.ApplicationContext.log ContextListener: contextInitialized()
28-Apr-2025 23:37:54.471 INFO [main] org.apache.catalina.core.ApplicationContext.log SessionListener: contextInitialized()
28-Apr-2025 23:37:54.476 INFO [main] org.apache.catalina.core.ApplicationContext.log ContextListener: attributeAdded('StockTicker', 'async.Stockticker@2ce86164')
28-Apr-2025 23:39:57.843 INFO [main] org.apache.catalina.core.ApplicationContext.log SessionListener: contextDestroyed()
28-Apr-2025 23:39:57.843 INFO [main] org.apache.catalina.core.ApplicationContext.log ContextListener: contextDestroyed()
28-Apr-2025 23:40:30.624 INFO [main] org.apache.catalina.core.ApplicationContext.log ContextListener: contextInitialized()
28-Apr-2025 23:40:30.624 INFO [main] org.apache.catalina.core.ApplicationContext.log SessionListener: contextInitialized()
28-Apr-2025 23:40:30.629 INFO [main] org.apache.catalina.core.ApplicationContext.log ContextListener: attributeAdded('StockTicker', 'async.Stockticker@63c5efee')
28-Apr-2025 23:43:41.816 INFO [main] org.apache.catalina.core.ApplicationContext.log SessionListener: contextDestroyed()
28-Apr-2025 23:43:41.816 INFO [main] org.apache.catalina.core.ApplicationContext.log ContextListener: contextDestroyed()
28-Apr-2025 23:44:07.451 INFO [main] org.apache.catalina.core.ApplicationContext.log ContextListener: contextInitialized()
28-Apr-2025 23:44:07.451 INFO [main] org.apache.catalina.core.ApplicationContext.log SessionListener: contextInitialized()
28-Apr-2025 23:44:07.456 INFO [main] org.apache.catalina.core.ApplicationContext.log ContextListener: attributeAdded('StockTicker', 'async.Stockticker@60fa3495')
28-Apr-2025 23:50:56.416 INFO [main] org.apache.catalina.core.ApplicationContext.log SessionListener: contextDestroyed()
28-Apr-2025 23:50:56.416 INFO [main] org.apache.catalina.core.ApplicationContext.log ContextListener: contextDestroyed()
28-Apr-2025 23:51:27.705 INFO [main] org.apache.catalina.core.ApplicationContext.log ContextListener: contextInitialized()
28-Apr-2025 23:51:27.705 INFO [main] org.apache.catalina.core.ApplicationContext.log SessionListener: contextInitialized()
28-Apr-2025 23:51:27.708 INFO [main] org.apache.catalina.core.ApplicationContext.log ContextListener: attributeAdded('StockTicker', 'async.Stockticker@172ca72b')
28-Apr-2025 23:52:58.706 INFO [Catalina-utility-2] org.apache.catalina.core.ApplicationContext.log SessionListener: contextDestroyed()
28-Apr-2025 23:52:58.706 INFO [Catalina-utility-2] org.apache.catalina.core.ApplicationContext.log ContextListener: contextDestroyed()
28-Apr-2025 23:54:02.897 INFO [main] org.apache.catalina.core.ApplicationContext.log 2 Spring WebApplicationInitializers detected on classpath
28-Apr-2025 23:57:09.724 INFO [main] org.apache.catalina.core.ApplicationContext.log 2 Spring WebApplicationInitializers detected on classpath
